<?xml version="1.0" encoding="UTF-8"?>
<testng-results ignored="0" total="1" passed="1" failed="0" skipped="0">
  <reporter-output>
  </reporter-output>
  <suite started-at="2023-09-18T12:27:33 IST" name="Command line suite" finished-at="2023-09-18T12:27:33 IST" duration-ms="10">
    <groups>
    </groups>
    <test started-at="2023-09-18T12:27:33 IST" name="Command line test" finished-at="2023-09-18T12:27:33 IST" duration-ms="10">
      <class name="com.automation.steps.AppTest">
        <test-method signature="testApp()[pri:0, instance:testApp(com.automation.steps.AppTest)]" started-at="2023-09-18T12:27:33 IST" name="testApp" finished-at="2023-09-18T12:27:33 IST" duration-ms="2" status="PASS">
          <reporter-output>
          </reporter-output>
        </test-method> <!-- testApp -->
      </class> <!-- com.automation.steps.AppTest -->
    </test> <!-- Command line test -->
  </suite> <!-- Command line suite -->
</testng-results>
